INFO: COMMAND: train.py --save-dir /home/lvyajie/nlu_cw2/result/Q4 --log-file /home/lvyajie/nlu_cw2/result/Q4/log.txt --data /home/lvyajie/nlu_cw2/europarl_prepared --encoder-num-layers 2 --decoder-num-layers 3 --cuda True
INFO: Arguments: {'arch': 'lstm',
 'batch_size': 10,
 'clip_norm': 4.0,
 'cuda': 'True',
 'data': '/home/lvyajie/nlu_cw2/europarl_prepared',
 'decoder_dropout_in': 0.25,
 'decoder_dropout_out': 0.25,
 'decoder_embed_dim': 64,
 'decoder_embed_path': None,
 'decoder_hidden_size': 128,
 'decoder_num_layers': 3,
 'decoder_use_attention': 'True',
 'decoder_use_lexical_model': 'False',
 'device_id': 0,
 'encoder_bidirectional': 'True',
 'encoder_dropout_in': 0.25,
 'encoder_dropout_out': 0.25,
 'encoder_embed_dim': 64,
 'encoder_embed_path': None,
 'encoder_hidden_size': 64,
 'encoder_num_layers': 2,
 'epoch_checkpoints': False,
 'log_file': '/home/lvyajie/nlu_cw2/result/Q4/log.txt',
 'lr': 0.0003,
 'max_epoch': 100,
 'max_tokens': None,
 'no_save': False,
 'patience': 10,
 'restore_file': 'checkpoint_last.pt',
 'save_dir': '/home/lvyajie/nlu_cw2/result/Q4',
 'save_interval': 1,
 'source_lang': 'de',
 'target_lang': 'en',
 'train_on_tiny': False}
INFO: Loaded a source dictionary (de) with 5047 words
INFO: Loaded a target dictionary (en) with 4420 words
INFO: Built a model with 1820164 parameters
INFO: Epoch 000: loss 5.798 | lr 0.0003 | num_tokens 13.4 | batch_size 10 | grad_norm 18.25 | clip 0.982
INFO: Epoch 000: valid_loss 5.42 | num_tokens 13.8 | batch_size 500 | valid_perplexity 226
INFO: Epoch 001: loss 5.386 | lr 0.0003 | num_tokens 13.4 | batch_size 10 | grad_norm 18.4 | clip 1
INFO: Epoch 001: valid_loss 5.19 | num_tokens 13.8 | batch_size 500 | valid_perplexity 179
INFO: Epoch 002: loss 5.212 | lr 0.0003 | num_tokens 13.4 | batch_size 10 | grad_norm 16.58 | clip 1
INFO: Epoch 002: valid_loss 5.05 | num_tokens 13.8 | batch_size 500 | valid_perplexity 156
INFO: Epoch 003: loss 5.046 | lr 0.0003 | num_tokens 13.4 | batch_size 10 | grad_norm 16.05 | clip 1
INFO: Epoch 003: valid_loss 4.89 | num_tokens 13.8 | batch_size 500 | valid_perplexity 134
INFO: Epoch 004: loss 4.869 | lr 0.0003 | num_tokens 13.4 | batch_size 10 | grad_norm 15.94 | clip 1
INFO: Epoch 004: valid_loss 4.72 | num_tokens 13.8 | batch_size 500 | valid_perplexity 112
INFO: Epoch 005: loss 4.706 | lr 0.0003 | num_tokens 13.4 | batch_size 10 | grad_norm 16.19 | clip 1
INFO: Epoch 005: valid_loss 4.58 | num_tokens 13.8 | batch_size 500 | valid_perplexity 97.5
INFO: Epoch 006: loss 4.561 | lr 0.0003 | num_tokens 13.4 | batch_size 10 | grad_norm 16.29 | clip 1
INFO: Epoch 006: valid_loss 4.44 | num_tokens 13.8 | batch_size 500 | valid_perplexity 84.5
INFO: Epoch 007: loss 4.428 | lr 0.0003 | num_tokens 13.4 | batch_size 10 | grad_norm 16.33 | clip 1
INFO: Epoch 007: valid_loss 4.33 | num_tokens 13.8 | batch_size 500 | valid_perplexity 76.2
INFO: Epoch 008: loss 4.318 | lr 0.0003 | num_tokens 13.4 | batch_size 10 | grad_norm 16.51 | clip 1
INFO: Epoch 008: valid_loss 4.25 | num_tokens 13.8 | batch_size 500 | valid_perplexity 69.8
INFO: Epoch 009: loss 4.224 | lr 0.0003 | num_tokens 13.4 | batch_size 10 | grad_norm 16.56 | clip 1
INFO: Epoch 009: valid_loss 4.17 | num_tokens 13.8 | batch_size 500 | valid_perplexity 64.5
INFO: Epoch 010: loss 4.142 | lr 0.0003 | num_tokens 13.4 | batch_size 10 | grad_norm 16.7 | clip 1
INFO: Epoch 010: valid_loss 4.11 | num_tokens 13.8 | batch_size 500 | valid_perplexity 60.7
INFO: Epoch 011: loss 4.07 | lr 0.0003 | num_tokens 13.4 | batch_size 10 | grad_norm 16.89 | clip 1
INFO: Epoch 011: valid_loss 4.05 | num_tokens 13.8 | batch_size 500 | valid_perplexity 57.5
INFO: Epoch 012: loss 4.006 | lr 0.0003 | num_tokens 13.4 | batch_size 10 | grad_norm 17.04 | clip 1
INFO: Epoch 012: valid_loss 4 | num_tokens 13.8 | batch_size 500 | valid_perplexity 54.9
INFO: Epoch 013: loss 3.945 | lr 0.0003 | num_tokens 13.4 | batch_size 10 | grad_norm 17.17 | clip 1
INFO: Epoch 013: valid_loss 3.96 | num_tokens 13.8 | batch_size 500 | valid_perplexity 52.7
INFO: Epoch 014: loss 3.887 | lr 0.0003 | num_tokens 13.4 | batch_size 10 | grad_norm 17.31 | clip 1
INFO: Epoch 014: valid_loss 3.92 | num_tokens 13.8 | batch_size 500 | valid_perplexity 50.7
INFO: Epoch 015: loss 3.837 | lr 0.0003 | num_tokens 13.4 | batch_size 10 | grad_norm 17.55 | clip 1
INFO: Epoch 015: valid_loss 3.89 | num_tokens 13.8 | batch_size 500 | valid_perplexity 48.8
INFO: Epoch 016: loss 3.793 | lr 0.0003 | num_tokens 13.4 | batch_size 10 | grad_norm 17.6 | clip 1
INFO: Epoch 016: valid_loss 3.86 | num_tokens 13.8 | batch_size 500 | valid_perplexity 47.6
INFO: Epoch 017: loss 3.747 | lr 0.0003 | num_tokens 13.4 | batch_size 10 | grad_norm 17.85 | clip 1
INFO: Epoch 017: valid_loss 3.83 | num_tokens 13.8 | batch_size 500 | valid_perplexity 46.1
INFO: Epoch 018: loss 3.705 | lr 0.0003 | num_tokens 13.4 | batch_size 10 | grad_norm 17.93 | clip 1
INFO: Epoch 018: valid_loss 3.8 | num_tokens 13.8 | batch_size 500 | valid_perplexity 44.9
INFO: Epoch 019: loss 3.659 | lr 0.0003 | num_tokens 13.4 | batch_size 10 | grad_norm 18.07 | clip 1
INFO: Epoch 019: valid_loss 3.78 | num_tokens 13.8 | batch_size 500 | valid_perplexity 43.6
INFO: Epoch 020: loss 3.626 | lr 0.0003 | num_tokens 13.4 | batch_size 10 | grad_norm 18.22 | clip 1
INFO: Epoch 020: valid_loss 3.75 | num_tokens 13.8 | batch_size 500 | valid_perplexity 42.6
INFO: Epoch 021: loss 3.59 | lr 0.0003 | num_tokens 13.4 | batch_size 10 | grad_norm 18.39 | clip 1
INFO: Epoch 021: valid_loss 3.73 | num_tokens 13.8 | batch_size 500 | valid_perplexity 41.7
INFO: Epoch 022: loss 3.554 | lr 0.0003 | num_tokens 13.4 | batch_size 10 | grad_norm 18.47 | clip 1
INFO: Epoch 022: valid_loss 3.71 | num_tokens 13.8 | batch_size 500 | valid_perplexity 40.8
INFO: Epoch 023: loss 3.518 | lr 0.0003 | num_tokens 13.4 | batch_size 10 | grad_norm 18.58 | clip 1
INFO: Epoch 023: valid_loss 3.69 | num_tokens 13.8 | batch_size 500 | valid_perplexity 39.9
INFO: Epoch 024: loss 3.485 | lr 0.0003 | num_tokens 13.4 | batch_size 10 | grad_norm 18.73 | clip 1
INFO: Epoch 024: valid_loss 3.67 | num_tokens 13.8 | batch_size 500 | valid_perplexity 39.4
INFO: Epoch 025: loss 3.452 | lr 0.0003 | num_tokens 13.4 | batch_size 10 | grad_norm 18.82 | clip 1
INFO: Epoch 025: valid_loss 3.66 | num_tokens 13.8 | batch_size 500 | valid_perplexity 38.7
INFO: Epoch 026: loss 3.424 | lr 0.0003 | num_tokens 13.4 | batch_size 10 | grad_norm 18.95 | clip 1
INFO: Epoch 026: valid_loss 3.64 | num_tokens 13.8 | batch_size 500 | valid_perplexity 38.2
INFO: Epoch 027: loss 3.392 | lr 0.0003 | num_tokens 13.4 | batch_size 10 | grad_norm 19.14 | clip 1
INFO: Epoch 027: valid_loss 3.63 | num_tokens 13.8 | batch_size 500 | valid_perplexity 37.7
INFO: Epoch 028: loss 3.364 | lr 0.0003 | num_tokens 13.4 | batch_size 10 | grad_norm 19.21 | clip 1
INFO: Epoch 028: valid_loss 3.61 | num_tokens 13.8 | batch_size 500 | valid_perplexity 36.9
INFO: Epoch 029: loss 3.335 | lr 0.0003 | num_tokens 13.4 | batch_size 10 | grad_norm 19.29 | clip 1
INFO: Epoch 029: valid_loss 3.6 | num_tokens 13.8 | batch_size 500 | valid_perplexity 36.7
INFO: Epoch 030: loss 3.306 | lr 0.0003 | num_tokens 13.4 | batch_size 10 | grad_norm 19.47 | clip 1
INFO: Epoch 030: valid_loss 3.58 | num_tokens 13.8 | batch_size 500 | valid_perplexity 36
INFO: Epoch 031: loss 3.283 | lr 0.0003 | num_tokens 13.4 | batch_size 10 | grad_norm 19.52 | clip 1
INFO: Epoch 031: valid_loss 3.57 | num_tokens 13.8 | batch_size 500 | valid_perplexity 35.6
INFO: Epoch 032: loss 3.258 | lr 0.0003 | num_tokens 13.4 | batch_size 10 | grad_norm 19.56 | clip 1
INFO: Epoch 032: valid_loss 3.56 | num_tokens 13.8 | batch_size 500 | valid_perplexity 35.3
INFO: Epoch 033: loss 3.232 | lr 0.0003 | num_tokens 13.4 | batch_size 10 | grad_norm 19.72 | clip 1
INFO: Epoch 033: valid_loss 3.55 | num_tokens 13.8 | batch_size 500 | valid_perplexity 34.8
INFO: Epoch 034: loss 3.21 | lr 0.0003 | num_tokens 13.4 | batch_size 10 | grad_norm 19.79 | clip 1
INFO: Epoch 034: valid_loss 3.54 | num_tokens 13.8 | batch_size 500 | valid_perplexity 34.5
INFO: Epoch 035: loss 3.185 | lr 0.0003 | num_tokens 13.4 | batch_size 10 | grad_norm 19.9 | clip 1
INFO: Epoch 035: valid_loss 3.53 | num_tokens 13.8 | batch_size 500 | valid_perplexity 34.1
INFO: Epoch 036: loss 3.158 | lr 0.0003 | num_tokens 13.4 | batch_size 10 | grad_norm 19.99 | clip 1
INFO: Epoch 036: valid_loss 3.52 | num_tokens 13.8 | batch_size 500 | valid_perplexity 33.7
INFO: Epoch 037: loss 3.14 | lr 0.0003 | num_tokens 13.4 | batch_size 10 | grad_norm 20.13 | clip 1
INFO: Epoch 037: valid_loss 3.51 | num_tokens 13.8 | batch_size 500 | valid_perplexity 33.6
INFO: Epoch 038: loss 3.114 | lr 0.0003 | num_tokens 13.4 | batch_size 10 | grad_norm 20.18 | clip 1
INFO: Epoch 038: valid_loss 3.51 | num_tokens 13.8 | batch_size 500 | valid_perplexity 33.4
INFO: Epoch 039: loss 3.095 | lr 0.0003 | num_tokens 13.4 | batch_size 10 | grad_norm 20.29 | clip 1
INFO: Epoch 039: valid_loss 3.5 | num_tokens 13.8 | batch_size 500 | valid_perplexity 33.1
INFO: Epoch 040: loss 3.077 | lr 0.0003 | num_tokens 13.4 | batch_size 10 | grad_norm 20.43 | clip 1
INFO: Epoch 040: valid_loss 3.49 | num_tokens 13.8 | batch_size 500 | valid_perplexity 32.8
INFO: Epoch 041: loss 3.053 | lr 0.0003 | num_tokens 13.4 | batch_size 10 | grad_norm 20.41 | clip 1
INFO: Epoch 041: valid_loss 3.48 | num_tokens 13.8 | batch_size 500 | valid_perplexity 32.5
INFO: Epoch 042: loss 3.032 | lr 0.0003 | num_tokens 13.4 | batch_size 10 | grad_norm 20.51 | clip 1
INFO: Epoch 042: valid_loss 3.48 | num_tokens 13.8 | batch_size 500 | valid_perplexity 32.3
INFO: Epoch 043: loss 3.014 | lr 0.0003 | num_tokens 13.4 | batch_size 10 | grad_norm 20.66 | clip 1
INFO: Epoch 043: valid_loss 3.47 | num_tokens 13.8 | batch_size 500 | valid_perplexity 32.2
INFO: Epoch 044: loss 2.997 | lr 0.0003 | num_tokens 13.4 | batch_size 10 | grad_norm 20.72 | clip 1
INFO: Epoch 044: valid_loss 3.46 | num_tokens 13.8 | batch_size 500 | valid_perplexity 31.9
INFO: Epoch 045: loss 2.974 | lr 0.0003 | num_tokens 13.4 | batch_size 10 | grad_norm 20.84 | clip 1
INFO: Epoch 045: valid_loss 3.47 | num_tokens 13.8 | batch_size 500 | valid_perplexity 32
INFO: Epoch 046: loss 2.955 | lr 0.0003 | num_tokens 13.4 | batch_size 10 | grad_norm 20.86 | clip 1
INFO: Epoch 046: valid_loss 3.46 | num_tokens 13.8 | batch_size 500 | valid_perplexity 31.7
INFO: Epoch 047: loss 2.941 | lr 0.0003 | num_tokens 13.4 | batch_size 10 | grad_norm 20.98 | clip 1
INFO: Epoch 047: valid_loss 3.45 | num_tokens 13.8 | batch_size 500 | valid_perplexity 31.5
INFO: Epoch 048: loss 2.92 | lr 0.0003 | num_tokens 13.4 | batch_size 10 | grad_norm 21.05 | clip 1
INFO: Epoch 048: valid_loss 3.45 | num_tokens 13.8 | batch_size 500 | valid_perplexity 31.5
INFO: Epoch 049: loss 2.904 | lr 0.0003 | num_tokens 13.4 | batch_size 10 | grad_norm 21.12 | clip 1
INFO: Epoch 049: valid_loss 3.44 | num_tokens 13.8 | batch_size 500 | valid_perplexity 31.3
INFO: Epoch 050: loss 2.884 | lr 0.0003 | num_tokens 13.4 | batch_size 10 | grad_norm 21.29 | clip 1
INFO: Epoch 050: valid_loss 3.44 | num_tokens 13.8 | batch_size 500 | valid_perplexity 31.2
INFO: Epoch 051: loss 2.87 | lr 0.0003 | num_tokens 13.4 | batch_size 10 | grad_norm 21.46 | clip 1
INFO: Epoch 051: valid_loss 3.43 | num_tokens 13.8 | batch_size 500 | valid_perplexity 31
INFO: Epoch 052: loss 2.852 | lr 0.0003 | num_tokens 13.4 | batch_size 10 | grad_norm 21.48 | clip 1
INFO: Epoch 052: valid_loss 3.43 | num_tokens 13.8 | batch_size 500 | valid_perplexity 30.8
INFO: Epoch 053: loss 2.841 | lr 0.0003 | num_tokens 13.4 | batch_size 10 | grad_norm 21.62 | clip 1
INFO: Epoch 053: valid_loss 3.43 | num_tokens 13.8 | batch_size 500 | valid_perplexity 30.8
INFO: Epoch 054: loss 2.823 | lr 0.0003 | num_tokens 13.4 | batch_size 10 | grad_norm 21.59 | clip 1
INFO: Epoch 054: valid_loss 3.42 | num_tokens 13.8 | batch_size 500 | valid_perplexity 30.7
INFO: Epoch 055: loss 2.807 | lr 0.0003 | num_tokens 13.4 | batch_size 10 | grad_norm 21.58 | clip 1
INFO: Epoch 055: valid_loss 3.42 | num_tokens 13.8 | batch_size 500 | valid_perplexity 30.5
INFO: Epoch 056: loss 2.793 | lr 0.0003 | num_tokens 13.4 | batch_size 10 | grad_norm 21.78 | clip 1
INFO: Epoch 056: valid_loss 3.42 | num_tokens 13.8 | batch_size 500 | valid_perplexity 30.4
INFO: Epoch 057: loss 2.777 | lr 0.0003 | num_tokens 13.4 | batch_size 10 | grad_norm 21.81 | clip 1
INFO: Epoch 057: valid_loss 3.41 | num_tokens 13.8 | batch_size 500 | valid_perplexity 30.4
INFO: Epoch 058: loss 2.757 | lr 0.0003 | num_tokens 13.4 | batch_size 10 | grad_norm 21.97 | clip 1
INFO: Epoch 058: valid_loss 3.41 | num_tokens 13.8 | batch_size 500 | valid_perplexity 30.3
INFO: Epoch 059: loss 2.746 | lr 0.0003 | num_tokens 13.4 | batch_size 10 | grad_norm 21.97 | clip 1
INFO: Epoch 059: valid_loss 3.41 | num_tokens 13.8 | batch_size 500 | valid_perplexity 30.2
INFO: Epoch 060: loss 2.734 | lr 0.0003 | num_tokens 13.4 | batch_size 10 | grad_norm 22.13 | clip 1
INFO: Epoch 060: valid_loss 3.4 | num_tokens 13.8 | batch_size 500 | valid_perplexity 30.1
INFO: Epoch 061: loss 2.72 | lr 0.0003 | num_tokens 13.4 | batch_size 10 | grad_norm 22.26 | clip 1
INFO: Epoch 061: valid_loss 3.4 | num_tokens 13.8 | batch_size 500 | valid_perplexity 29.9
INFO: Epoch 062: loss 2.704 | lr 0.0003 | num_tokens 13.4 | batch_size 10 | grad_norm 22.18 | clip 1
INFO: Epoch 062: valid_loss 3.4 | num_tokens 13.8 | batch_size 500 | valid_perplexity 30.1
INFO: Epoch 063: loss 2.694 | lr 0.0003 | num_tokens 13.4 | batch_size 10 | grad_norm 22.28 | clip 1
INFO: Epoch 063: valid_loss 3.4 | num_tokens 13.8 | batch_size 500 | valid_perplexity 30
INFO: Epoch 064: loss 2.673 | lr 0.0003 | num_tokens 13.4 | batch_size 10 | grad_norm 22.38 | clip 1
INFO: Epoch 064: valid_loss 3.4 | num_tokens 13.8 | batch_size 500 | valid_perplexity 30
INFO: Epoch 065: loss 2.66 | lr 0.0003 | num_tokens 13.4 | batch_size 10 | grad_norm 22.43 | clip 1
INFO: Epoch 065: valid_loss 3.39 | num_tokens 13.8 | batch_size 500 | valid_perplexity 29.8
INFO: Epoch 066: loss 2.649 | lr 0.0003 | num_tokens 13.4 | batch_size 10 | grad_norm 22.52 | clip 1
INFO: Epoch 066: valid_loss 3.39 | num_tokens 13.8 | batch_size 500 | valid_perplexity 29.7
INFO: Epoch 067: loss 2.637 | lr 0.0003 | num_tokens 13.4 | batch_size 10 | grad_norm 22.5 | clip 1
INFO: Epoch 067: valid_loss 3.39 | num_tokens 13.8 | batch_size 500 | valid_perplexity 29.7
INFO: Epoch 068: loss 2.627 | lr 0.0003 | num_tokens 13.4 | batch_size 10 | grad_norm 22.78 | clip 1
INFO: Epoch 068: valid_loss 3.38 | num_tokens 13.8 | batch_size 500 | valid_perplexity 29.4
INFO: Epoch 069: loss 2.613 | lr 0.0003 | num_tokens 13.4 | batch_size 10 | grad_norm 22.71 | clip 1
INFO: Epoch 069: valid_loss 3.38 | num_tokens 13.8 | batch_size 500 | valid_perplexity 29.5
INFO: Epoch 070: loss 2.604 | lr 0.0003 | num_tokens 13.4 | batch_size 10 | grad_norm 22.82 | clip 1
INFO: Epoch 070: valid_loss 3.38 | num_tokens 13.8 | batch_size 500 | valid_perplexity 29.5
INFO: Epoch 071: loss 2.587 | lr 0.0003 | num_tokens 13.4 | batch_size 10 | grad_norm 22.88 | clip 0.999
INFO: Epoch 071: valid_loss 3.39 | num_tokens 13.8 | batch_size 500 | valid_perplexity 29.5
INFO: Epoch 072: loss 2.574 | lr 0.0003 | num_tokens 13.4 | batch_size 10 | grad_norm 22.89 | clip 1
INFO: Epoch 072: valid_loss 3.37 | num_tokens 13.8 | batch_size 500 | valid_perplexity 29.2
INFO: Epoch 073: loss 2.564 | lr 0.0003 | num_tokens 13.4 | batch_size 10 | grad_norm 23.01 | clip 1
INFO: Epoch 073: valid_loss 3.38 | num_tokens 13.8 | batch_size 500 | valid_perplexity 29.4
INFO: Epoch 074: loss 2.551 | lr 0.0003 | num_tokens 13.4 | batch_size 10 | grad_norm 23.06 | clip 1
INFO: Epoch 074: valid_loss 3.37 | num_tokens 13.8 | batch_size 500 | valid_perplexity 29.1
INFO: Epoch 075: loss 2.537 | lr 0.0003 | num_tokens 13.4 | batch_size 10 | grad_norm 23.15 | clip 1
INFO: Epoch 075: valid_loss 3.37 | num_tokens 13.8 | batch_size 500 | valid_perplexity 29.1
INFO: Epoch 076: loss 2.53 | lr 0.0003 | num_tokens 13.4 | batch_size 10 | grad_norm 23.34 | clip 0.999
INFO: Epoch 076: valid_loss 3.38 | num_tokens 13.8 | batch_size 500 | valid_perplexity 29.3
INFO: Epoch 077: loss 2.518 | lr 0.0003 | num_tokens 13.4 | batch_size 10 | grad_norm 23.16 | clip 1
INFO: Epoch 077: valid_loss 3.38 | num_tokens 13.8 | batch_size 500 | valid_perplexity 29.3
INFO: Epoch 078: loss 2.506 | lr 0.0003 | num_tokens 13.4 | batch_size 10 | grad_norm 23.31 | clip 1
INFO: Epoch 078: valid_loss 3.37 | num_tokens 13.8 | batch_size 500 | valid_perplexity 29
INFO: Epoch 079: loss 2.494 | lr 0.0003 | num_tokens 13.4 | batch_size 10 | grad_norm 23.34 | clip 1
INFO: Epoch 079: valid_loss 3.37 | num_tokens 13.8 | batch_size 500 | valid_perplexity 29
INFO: Epoch 080: loss 2.482 | lr 0.0003 | num_tokens 13.4 | batch_size 10 | grad_norm 23.42 | clip 1
INFO: Epoch 080: valid_loss 3.37 | num_tokens 13.8 | batch_size 500 | valid_perplexity 29.2
INFO: Epoch 081: loss 2.475 | lr 0.0003 | num_tokens 13.4 | batch_size 10 | grad_norm 23.48 | clip 1
INFO: Epoch 081: valid_loss 3.37 | num_tokens 13.8 | batch_size 500 | valid_perplexity 29.1
INFO: Epoch 082: loss 2.465 | lr 0.0003 | num_tokens 13.4 | batch_size 10 | grad_norm 23.51 | clip 1
INFO: Epoch 082: valid_loss 3.37 | num_tokens 13.8 | batch_size 500 | valid_perplexity 29
INFO: Epoch 083: loss 2.455 | lr 0.0003 | num_tokens 13.4 | batch_size 10 | grad_norm 23.54 | clip 1
INFO: Epoch 083: valid_loss 3.37 | num_tokens 13.8 | batch_size 500 | valid_perplexity 29.1
INFO: Epoch 084: loss 2.442 | lr 0.0003 | num_tokens 13.4 | batch_size 10 | grad_norm 23.58 | clip 1
INFO: Epoch 084: valid_loss 3.37 | num_tokens 13.8 | batch_size 500 | valid_perplexity 28.9
INFO: Epoch 085: loss 2.435 | lr 0.0003 | num_tokens 13.4 | batch_size 10 | grad_norm 23.76 | clip 1
INFO: Epoch 085: valid_loss 3.37 | num_tokens 13.8 | batch_size 500 | valid_perplexity 29.1
INFO: Epoch 086: loss 2.424 | lr 0.0003 | num_tokens 13.4 | batch_size 10 | grad_norm 23.89 | clip 1
INFO: Epoch 086: valid_loss 3.37 | num_tokens 13.8 | batch_size 500 | valid_perplexity 29.1
INFO: Epoch 087: loss 2.411 | lr 0.0003 | num_tokens 13.4 | batch_size 10 | grad_norm 23.83 | clip 0.999
INFO: Epoch 087: valid_loss 3.37 | num_tokens 13.8 | batch_size 500 | valid_perplexity 29.1
INFO: Epoch 088: loss 2.402 | lr 0.0003 | num_tokens 13.4 | batch_size 10 | grad_norm 23.87 | clip 1
INFO: Epoch 088: valid_loss 3.37 | num_tokens 13.8 | batch_size 500 | valid_perplexity 29.1
INFO: Epoch 089: loss 2.399 | lr 0.0003 | num_tokens 13.4 | batch_size 10 | grad_norm 24 | clip 0.999
INFO: Epoch 089: valid_loss 3.36 | num_tokens 13.8 | batch_size 500 | valid_perplexity 28.9
INFO: Epoch 090: loss 2.382 | lr 0.0003 | num_tokens 13.4 | batch_size 10 | grad_norm 23.94 | clip 1
INFO: Epoch 090: valid_loss 3.37 | num_tokens 13.8 | batch_size 500 | valid_perplexity 29.1
INFO: Epoch 091: loss 2.374 | lr 0.0003 | num_tokens 13.4 | batch_size 10 | grad_norm 24.07 | clip 1
INFO: Epoch 091: valid_loss 3.37 | num_tokens 13.8 | batch_size 500 | valid_perplexity 29
INFO: Epoch 092: loss 2.365 | lr 0.0003 | num_tokens 13.4 | batch_size 10 | grad_norm 24.13 | clip 0.998
INFO: Epoch 092: valid_loss 3.37 | num_tokens 13.8 | batch_size 500 | valid_perplexity 29.1
INFO: Epoch 093: loss 2.355 | lr 0.0003 | num_tokens 13.4 | batch_size 10 | grad_norm 24.1 | clip 1
INFO: Epoch 093: valid_loss 3.36 | num_tokens 13.8 | batch_size 500 | valid_perplexity 28.9
INFO: Epoch 094: loss 2.347 | lr 0.0003 | num_tokens 13.4 | batch_size 10 | grad_norm 24.22 | clip 1
INFO: Epoch 094: valid_loss 3.37 | num_tokens 13.8 | batch_size 500 | valid_perplexity 29.1
INFO: Epoch 095: loss 2.336 | lr 0.0003 | num_tokens 13.4 | batch_size 10 | grad_norm 24.24 | clip 1
INFO: Epoch 095: valid_loss 3.37 | num_tokens 13.8 | batch_size 500 | valid_perplexity 29.1
INFO: Epoch 096: loss 2.329 | lr 0.0003 | num_tokens 13.4 | batch_size 10 | grad_norm 24.15 | clip 1
INFO: Epoch 096: valid_loss 3.36 | num_tokens 13.8 | batch_size 500 | valid_perplexity 28.7
INFO: Epoch 097: loss 2.324 | lr 0.0003 | num_tokens 13.4 | batch_size 10 | grad_norm 24.42 | clip 1
INFO: Epoch 097: valid_loss 3.36 | num_tokens 13.8 | batch_size 500 | valid_perplexity 28.9
INFO: Epoch 098: loss 2.313 | lr 0.0003 | num_tokens 13.4 | batch_size 10 | grad_norm 24.39 | clip 1
INFO: Epoch 098: valid_loss 3.37 | num_tokens 13.8 | batch_size 500 | valid_perplexity 29.1
INFO: Epoch 099: loss 2.303 | lr 0.0003 | num_tokens 13.4 | batch_size 10 | grad_norm 24.43 | clip 1
INFO: Epoch 099: valid_loss 3.36 | num_tokens 13.8 | batch_size 500 | valid_perplexity 28.9
