INFO: COMMAND: train.py --cuda True --save-dir result/Q5 --log-file result/Q5/log.out --decoder-use-lexical-model True
INFO: Arguments: {'data': 'europarl_prepared', 'source_lang': 'de', 'target_lang': 'en', 'max_tokens': None, 'batch_size': 10, 'train_on_tiny': False, 'arch': 'lstm', 'cuda': 'True', 'max_epoch': 100, 'clip_norm': 4.0, 'lr': 0.0003, 'patience': 10, 'log_file': 'result/Q5/log.out', 'save_dir': 'result/Q5', 'restore_file': 'checkpoint_last.pt', 'save_interval': 1, 'no_save': False, 'epoch_checkpoints': False, 'play': False, 'decoder_use_lexical_model': 'True', 'encoder_embed_dim': 64, 'encoder_embed_path': None, 'encoder_hidden_size': 64, 'encoder_num_layers': 1, 'encoder_bidirectional': 'True', 'encoder_dropout_in': 0.25, 'encoder_dropout_out': 0.25, 'decoder_embed_dim': 64, 'decoder_embed_path': None, 'decoder_hidden_size': 128, 'decoder_num_layers': 1, 'decoder_dropout_in': 0.25, 'decoder_dropout_out': 0.25, 'decoder_use_attention': 'True', 'device_id': 0}
INFO: Loaded a source dictionary (de) with 5047 words
INFO: Loaded a target dictionary (en) with 4420 words
INFO: Built a model with 1748104 parameters
INFO: Epoch 000: loss 5.558 | lr 0.0003 | num_tokens 13.4 | batch_size 10 | grad_norm 14.65 | clip 1
INFO: Epoch 000: valid_loss 5.04 | num_tokens 13.8 | batch_size 500 | valid_perplexity 154
INFO: Epoch 001: loss 4.93 | lr 0.0003 | num_tokens 13.4 | batch_size 10 | grad_norm 14.92 | clip 1
INFO: Epoch 001: valid_loss 4.63 | num_tokens 13.8 | batch_size 500 | valid_perplexity 103
INFO: Epoch 002: loss 4.583 | lr 0.0003 | num_tokens 13.4 | batch_size 10 | grad_norm 16.43 | clip 1
INFO: Epoch 002: valid_loss 4.4 | num_tokens 13.8 | batch_size 500 | valid_perplexity 81.1
INFO: Epoch 003: loss 4.358 | lr 0.0003 | num_tokens 13.4 | batch_size 10 | grad_norm 17.36 | clip 1
INFO: Epoch 003: valid_loss 4.23 | num_tokens 13.8 | batch_size 500 | valid_perplexity 68.5
INFO: Epoch 004: loss 4.189 | lr 0.0003 | num_tokens 13.4 | batch_size 10 | grad_norm 18 | clip 1
INFO: Epoch 004: valid_loss 4.11 | num_tokens 13.8 | batch_size 500 | valid_perplexity 61.1
INFO: Epoch 005: loss 4.042 | lr 0.0003 | num_tokens 13.4 | batch_size 10 | grad_norm 18.6 | clip 1
INFO: Epoch 005: valid_loss 4.01 | num_tokens 13.8 | batch_size 500 | valid_perplexity 55
INFO: Epoch 006: loss 3.914 | lr 0.0003 | num_tokens 13.4 | batch_size 10 | grad_norm 19.32 | clip 1
INFO: Epoch 006: valid_loss 3.92 | num_tokens 13.8 | batch_size 500 | valid_perplexity 50.4
INFO: Epoch 007: loss 3.799 | lr 0.0003 | num_tokens 13.4 | batch_size 10 | grad_norm 19.87 | clip 1
INFO: Epoch 007: valid_loss 3.84 | num_tokens 13.8 | batch_size 500 | valid_perplexity 46.7
INFO: Epoch 008: loss 3.689 | lr 0.0003 | num_tokens 13.4 | batch_size 10 | grad_norm 20.6 | clip 1
INFO: Epoch 008: valid_loss 3.77 | num_tokens 13.8 | batch_size 500 | valid_perplexity 43.6
INFO: Epoch 009: loss 3.596 | lr 0.0003 | num_tokens 13.4 | batch_size 10 | grad_norm 21.15 | clip 1
INFO: Epoch 009: valid_loss 3.71 | num_tokens 13.8 | batch_size 500 | valid_perplexity 40.8
INFO: Epoch 010: loss 3.498 | lr 0.0003 | num_tokens 13.4 | batch_size 10 | grad_norm 21.73 | clip 1
INFO: Epoch 010: valid_loss 3.66 | num_tokens 13.8 | batch_size 500 | valid_perplexity 38.7
INFO: Epoch 011: loss 3.415 | lr 0.0003 | num_tokens 13.4 | batch_size 10 | grad_norm 22.25 | clip 1
INFO: Epoch 011: valid_loss 3.61 | num_tokens 13.8 | batch_size 500 | valid_perplexity 37
INFO: Epoch 012: loss 3.329 | lr 0.0003 | num_tokens 13.4 | batch_size 10 | grad_norm 22.83 | clip 1
INFO: Epoch 012: valid_loss 3.56 | num_tokens 13.8 | batch_size 500 | valid_perplexity 35.3
INFO: Epoch 013: loss 3.253 | lr 0.0003 | num_tokens 13.4 | batch_size 10 | grad_norm 23.32 | clip 1
INFO: Epoch 013: valid_loss 3.52 | num_tokens 13.8 | batch_size 500 | valid_perplexity 33.9
INFO: Epoch 014: loss 3.18 | lr 0.0003 | num_tokens 13.4 | batch_size 10 | grad_norm 23.82 | clip 1
INFO: Epoch 014: valid_loss 3.49 | num_tokens 13.8 | batch_size 500 | valid_perplexity 32.8
INFO: Epoch 015: loss 3.111 | lr 0.0003 | num_tokens 13.4 | batch_size 10 | grad_norm 24.33 | clip 1
INFO: Epoch 015: valid_loss 3.45 | num_tokens 13.8 | batch_size 500 | valid_perplexity 31.7
INFO: Epoch 016: loss 3.046 | lr 0.0003 | num_tokens 13.4 | batch_size 10 | grad_norm 24.65 | clip 1
INFO: Epoch 016: valid_loss 3.43 | num_tokens 13.8 | batch_size 500 | valid_perplexity 30.7
INFO: Epoch 017: loss 2.98 | lr 0.0003 | num_tokens 13.4 | batch_size 10 | grad_norm 25.11 | clip 1
INFO: Epoch 017: valid_loss 3.4 | num_tokens 13.8 | batch_size 500 | valid_perplexity 30
INFO: Epoch 018: loss 2.921 | lr 0.0003 | num_tokens 13.4 | batch_size 10 | grad_norm 25.42 | clip 1
INFO: Epoch 018: valid_loss 3.38 | num_tokens 13.8 | batch_size 500 | valid_perplexity 29.3
INFO: Epoch 019: loss 2.869 | lr 0.0003 | num_tokens 13.4 | batch_size 10 | grad_norm 25.69 | clip 1
INFO: Epoch 019: valid_loss 3.36 | num_tokens 13.8 | batch_size 500 | valid_perplexity 28.8
INFO: Epoch 020: loss 2.812 | lr 0.0003 | num_tokens 13.4 | batch_size 10 | grad_norm 26.07 | clip 1
INFO: Epoch 020: valid_loss 3.34 | num_tokens 13.8 | batch_size 500 | valid_perplexity 28.3
INFO: Epoch 021: loss 2.762 | lr 0.0003 | num_tokens 13.4 | batch_size 10 | grad_norm 26.26 | clip 1
INFO: Epoch 021: valid_loss 3.32 | num_tokens 13.8 | batch_size 500 | valid_perplexity 27.7
INFO: Epoch 022: loss 2.713 | lr 0.0003 | num_tokens 13.4 | batch_size 10 | grad_norm 26.6 | clip 1
INFO: Epoch 022: valid_loss 3.3 | num_tokens 13.8 | batch_size 500 | valid_perplexity 27.2
INFO: Epoch 023: loss 2.668 | lr 0.0003 | num_tokens 13.4 | batch_size 10 | grad_norm 26.86 | clip 1
INFO: Epoch 023: valid_loss 3.3 | num_tokens 13.8 | batch_size 500 | valid_perplexity 27.1
INFO: Epoch 024: loss 2.62 | lr 0.0003 | num_tokens 13.4 | batch_size 10 | grad_norm 27.07 | clip 1
INFO: Epoch 024: valid_loss 3.27 | num_tokens 13.8 | batch_size 500 | valid_perplexity 26.3
INFO: Epoch 025: loss 2.576 | lr 0.0003 | num_tokens 13.4 | batch_size 10 | grad_norm 27.23 | clip 1
INFO: Epoch 025: valid_loss 3.26 | num_tokens 13.8 | batch_size 500 | valid_perplexity 26
INFO: Epoch 026: loss 2.538 | lr 0.0003 | num_tokens 13.4 | batch_size 10 | grad_norm 27.38 | clip 1
INFO: Epoch 026: valid_loss 3.25 | num_tokens 13.8 | batch_size 500 | valid_perplexity 25.8
INFO: Epoch 027: loss 2.497 | lr 0.0003 | num_tokens 13.4 | batch_size 10 | grad_norm 27.64 | clip 1
INFO: Epoch 027: valid_loss 3.24 | num_tokens 13.8 | batch_size 500 | valid_perplexity 25.6
INFO: Epoch 028: loss 2.463 | lr 0.0003 | num_tokens 13.4 | batch_size 10 | grad_norm 27.85 | clip 1
INFO: Epoch 028: valid_loss 3.24 | num_tokens 13.8 | batch_size 500 | valid_perplexity 25.5
INFO: Epoch 029: loss 2.426 | lr 0.0003 | num_tokens 13.4 | batch_size 10 | grad_norm 27.84 | clip 1
INFO: Epoch 029: valid_loss 3.23 | num_tokens 13.8 | batch_size 500 | valid_perplexity 25.2
INFO: Epoch 030: loss 2.392 | lr 0.0003 | num_tokens 13.4 | batch_size 10 | grad_norm 27.94 | clip 1
INFO: Epoch 030: valid_loss 3.22 | num_tokens 13.8 | batch_size 500 | valid_perplexity 25
INFO: Epoch 031: loss 2.359 | lr 0.0003 | num_tokens 13.4 | batch_size 10 | grad_norm 28.12 | clip 0.999
INFO: Epoch 031: valid_loss 3.22 | num_tokens 13.8 | batch_size 500 | valid_perplexity 25
INFO: Epoch 032: loss 2.328 | lr 0.0003 | num_tokens 13.4 | batch_size 10 | grad_norm 28.41 | clip 1
INFO: Epoch 032: valid_loss 3.21 | num_tokens 13.8 | batch_size 500 | valid_perplexity 24.8
INFO: Epoch 033: loss 2.298 | lr 0.0003 | num_tokens 13.4 | batch_size 10 | grad_norm 28.52 | clip 1
INFO: Epoch 033: valid_loss 3.2 | num_tokens 13.8 | batch_size 500 | valid_perplexity 24.6
INFO: Epoch 034: loss 2.267 | lr 0.0003 | num_tokens 13.4 | batch_size 10 | grad_norm 28.58 | clip 1
INFO: Epoch 034: valid_loss 3.2 | num_tokens 13.8 | batch_size 500 | valid_perplexity 24.5
INFO: Epoch 035: loss 2.241 | lr 0.0003 | num_tokens 13.4 | batch_size 10 | grad_norm 28.63 | clip 1
INFO: Epoch 035: valid_loss 3.2 | num_tokens 13.8 | batch_size 500 | valid_perplexity 24.4
INFO: Epoch 036: loss 2.212 | lr 0.0003 | num_tokens 13.4 | batch_size 10 | grad_norm 28.66 | clip 0.999
INFO: Epoch 036: valid_loss 3.2 | num_tokens 13.8 | batch_size 500 | valid_perplexity 24.5
INFO: Epoch 037: loss 2.187 | lr 0.0003 | num_tokens 13.4 | batch_size 10 | grad_norm 28.92 | clip 0.999
INFO: Epoch 037: valid_loss 3.2 | num_tokens 13.8 | batch_size 500 | valid_perplexity 24.5
INFO: Epoch 038: loss 2.162 | lr 0.0003 | num_tokens 13.4 | batch_size 10 | grad_norm 28.77 | clip 0.999
INFO: Epoch 038: valid_loss 3.19 | num_tokens 13.8 | batch_size 500 | valid_perplexity 24.4
INFO: Epoch 039: loss 2.137 | lr 0.0003 | num_tokens 13.4 | batch_size 10 | grad_norm 28.97 | clip 1
INFO: Epoch 039: valid_loss 3.19 | num_tokens 13.8 | batch_size 500 | valid_perplexity 24.4
INFO: Epoch 040: loss 2.116 | lr 0.0003 | num_tokens 13.4 | batch_size 10 | grad_norm 29.03 | clip 1
INFO: Epoch 040: valid_loss 3.2 | num_tokens 13.8 | batch_size 500 | valid_perplexity 24.5
INFO: Epoch 041: loss 2.09 | lr 0.0003 | num_tokens 13.4 | batch_size 10 | grad_norm 29.16 | clip 0.999
INFO: Epoch 041: valid_loss 3.19 | num_tokens 13.8 | batch_size 500 | valid_perplexity 24.3
INFO: Epoch 042: loss 2.069 | lr 0.0003 | num_tokens 13.4 | batch_size 10 | grad_norm 29.27 | clip 0.999
INFO: Epoch 042: valid_loss 3.19 | num_tokens 13.8 | batch_size 500 | valid_perplexity 24.4
INFO: Epoch 043: loss 2.055 | lr 0.0003 | num_tokens 13.4 | batch_size 10 | grad_norm 29.26 | clip 0.999
INFO: Epoch 043: valid_loss 3.19 | num_tokens 13.8 | batch_size 500 | valid_perplexity 24.3
INFO: Epoch 044: loss 2.031 | lr 0.0003 | num_tokens 13.4 | batch_size 10 | grad_norm 29.31 | clip 0.999
INFO: Epoch 044: valid_loss 3.19 | num_tokens 13.8 | batch_size 500 | valid_perplexity 24.3
INFO: Epoch 045: loss 2.011 | lr 0.0003 | num_tokens 13.4 | batch_size 10 | grad_norm 29.41 | clip 1
INFO: Epoch 045: valid_loss 3.19 | num_tokens 13.8 | batch_size 500 | valid_perplexity 24.2
INFO: Epoch 046: loss 1.991 | lr 0.0003 | num_tokens 13.4 | batch_size 10 | grad_norm 29.41 | clip 0.999
INFO: Epoch 046: valid_loss 3.2 | num_tokens 13.8 | batch_size 500 | valid_perplexity 24.4
INFO: Epoch 047: loss 1.972 | lr 0.0003 | num_tokens 13.4 | batch_size 10 | grad_norm 29.4 | clip 1
INFO: Epoch 047: valid_loss 3.19 | num_tokens 13.8 | batch_size 500 | valid_perplexity 24.4
INFO: Epoch 048: loss 1.956 | lr 0.0003 | num_tokens 13.4 | batch_size 10 | grad_norm 29.67 | clip 1
INFO: Epoch 048: valid_loss 3.2 | num_tokens 13.8 | batch_size 500 | valid_perplexity 24.4
INFO: Epoch 049: loss 1.937 | lr 0.0003 | num_tokens 13.4 | batch_size 10 | grad_norm 29.41 | clip 1
INFO: Epoch 049: valid_loss 3.19 | num_tokens 13.8 | batch_size 500 | valid_perplexity 24.4
INFO: Epoch 050: loss 1.922 | lr 0.0003 | num_tokens 13.4 | batch_size 10 | grad_norm 29.63 | clip 1
INFO: Epoch 050: valid_loss 3.19 | num_tokens 13.8 | batch_size 500 | valid_perplexity 24.3
INFO: Epoch 051: loss 1.898 | lr 0.0003 | num_tokens 13.4 | batch_size 10 | grad_norm 29.46 | clip 0.999
INFO: Epoch 051: valid_loss 3.2 | num_tokens 13.8 | batch_size 500 | valid_perplexity 24.5
INFO: Epoch 052: loss 1.888 | lr 0.0003 | num_tokens 13.4 | batch_size 10 | grad_norm 29.64 | clip 0.999
INFO: Epoch 052: valid_loss 3.19 | num_tokens 13.8 | batch_size 500 | valid_perplexity 24.4
INFO: Epoch 053: loss 1.875 | lr 0.0003 | num_tokens 13.4 | batch_size 10 | grad_norm 29.51 | clip 0.999
INFO: Epoch 053: valid_loss 3.2 | num_tokens 13.8 | batch_size 500 | valid_perplexity 24.5
INFO: Epoch 054: loss 1.859 | lr 0.0003 | num_tokens 13.4 | batch_size 10 | grad_norm 29.81 | clip 1
INFO: Epoch 054: valid_loss 3.2 | num_tokens 13.8 | batch_size 500 | valid_perplexity 24.6
INFO: Epoch 055: loss 1.841 | lr 0.0003 | num_tokens 13.4 | batch_size 10 | grad_norm 29.72 | clip 0.998
INFO: Epoch 055: valid_loss 3.19 | num_tokens 13.8 | batch_size 500 | valid_perplexity 24.4
INFO: No validation set improvements observed for 10 epochs. Early stop!
